<?xml version="1.0" encoding="UTF-8"?>
<!-- Generated by org.testng.reporters.JUnitReportReporter -->
<testsuite hostname="Bhupender-PC" failures="0" tests="1" name="Cucumber.runners.MyTestNGRunnerTest" time="34.403" errors="0" timestamp="2023-08-25T17:30:46 IST" skipped="0">
  <testcase classname="Cucumber.runners.MyTestNGRunnerTest" name="runScenario" time="34.403"/>
</testsuite> <!-- Cucumber.runners.MyTestNGRunnerTest -->
